This file contains any messages produced by compilers while
running configure, to aid debugging if configure makes a mistake.

configure:562: checking for gcc
configure:675: checking whether the C compiler (cc -O2 -pipe -march=k6 ) works
configure:691: cc -o conftest -O2 -pipe -march=k6 -I/usr/local/include  conftest.c  1>&5
configure:717: checking whether the C compiler (cc -O2 -pipe -march=k6 ) is a cross-compiler
configure:722: checking whether we are using GNU C
configure:731: cc -E conftest.c
configure:750: checking whether cc accepts -g
configure:782: checking how to run the C preprocessor
configure:803: cc -E -I/usr/local/include conftest.c >/dev/null 2>conftest.out
configure:892: checking for a BSD compatible install
configure:947: checking whether byte ordering is bigendian
configure:965: cc -c -O2 -pipe -march=k6 -I/usr/local/include conftest.c 1>&5
configure:980: cc -c -O2 -pipe -march=k6 -I/usr/local/include conftest.c 1>&5
configure: In function `main':
configure:975: syntax error before `big'
configure: failed program was:
#line 969 "configure"
#include "confdefs.h"
#include <sys/types.h>
#include <sys/param.h>
int main() {

#if BYTE_ORDER != BIG_ENDIAN
 not big endian
#endif
; return 0; }
configure:1043: checking for usleep
configure:1071: cc -o conftest -O2 -pipe -march=k6 -I/usr/local/include  conftest.c  1>&5
configure:1324: checking for machine/soundcard.h
configure:1334: cc -E -I/usr/local/include conftest.c >/dev/null 2>conftest.out
configure:1421: checking for vga_init in -lvga
configure:1440: cc -o conftest -O2 -pipe -march=k6 -I/usr/local/include  conftest.c -lvga   -L/usr/local/lib -L/usr/X11R6/lib 1>&5
configure:1460: checking for vga.h
configure:1470: cc -E -I/usr/local/include conftest.c >/dev/null 2>conftest.out
configure:1460: checking for vgakeyboard.h
configure:1470: cc -E -I/usr/local/include conftest.c >/dev/null 2>conftest.out
configure:1510: checking for sdl-config
configure:1542: checking for SDL_Init in -lSDL-1.1
configure:1561: cc -o conftest -O2 -pipe -march=k6 -I/usr/local/include  conftest.c -lSDL-1.1 -L/usr/local/lib -Wl,-rpath,/usr/local/lib -lSDL-1.1 -pthread -lm -L/usr/local/lib -lesd -laudiofile -lm -L/usr/X11R6/lib -lX11 -lXext -lXxf86vm -lXxf86dga -lXv -lXinerama -lvga -laa  -L/usr/local/lib -L/usr/X11R6/lib 1>&5
configure:1581: checking for SDL11/SDL.h
configure:1591: cc -E -I/usr/local/include conftest.c >/dev/null 2>conftest.out
configure:1636: checking for X
configure:1869: checking for XShmCreateImage in -lXext
configure:1888: cc -o conftest -O2 -pipe -march=k6 -I/usr/local/include  conftest.c -lXext   -L/usr/local/lib -L/usr/X11R6/lib 1>&5
configure:1919: checking for sys/ipc.h
configure:1929: cc -E -I/usr/local/include conftest.c >/dev/null 2>conftest.out
configure:1919: checking for sys/shm.h
configure:1929: cc -E -I/usr/local/include conftest.c >/dev/null 2>conftest.out
configure:1919: checking for X11/extensions/XShm.h
configure:1929: cc -E -I/usr/local/include conftest.c >/dev/null 2>conftest.out
configure:1925: X11/extensions/XShm.h: No such file or directory
configure: failed program was:
#line 1924 "configure"
#include "confdefs.h"
#include <X11/extensions/XShm.h>
